\BOOKMARK [1][-]{section.1}{Podsumowanie prac dla poszczeg\363lnych komponent\363w}{}% 1
\BOOKMARK [2][-]{subsection.1.1}{Rekawiczka sensoryczna}{section.1}% 2
\BOOKMARK [3][-]{subsubsection.1.1.1}{Wykonanie rekawiczki}{subsection.1.1}% 3
\BOOKMARK [3][-]{subsubsection.1.1.2}{Wprowadzone zmiany}{subsection.1.1}% 4
\BOOKMARK [2][-]{subsection.1.2}{Interfejs sprzetowy}{section.1}% 5
\BOOKMARK [3][-]{subsubsection.1.2.1}{Schemat uk\233adu}{subsection.1.2}% 6
\BOOKMARK [3][-]{subsubsection.1.2.2}{Lista element\363w}{subsection.1.2}% 7
\BOOKMARK [3][-]{subsubsection.1.2.3}{Po\233aczenie z p\233ytka STM32F3Discovery}{subsection.1.2}% 8
\BOOKMARK [2][-]{subsection.1.3}{Kod programu}{section.1}% 9
\BOOKMARK [2][-]{subsection.1.4}{Program do akwizycji danych}{section.1}% 10
\BOOKMARK [2][-]{subsection.1.5}{Opis klas programu}{section.1}% 11
\BOOKMARK [3][-]{subsubsection.1.5.1}{Opis dzia\233ania programu}{subsection.1.5}% 12
\BOOKMARK [3][-]{subsubsection.1.5.2}{Format danych}{subsection.1.5}% 13
\BOOKMARK [2][-]{subsection.1.6}{Baza danych}{section.1}% 14
\BOOKMARK [3][-]{subsubsection.1.6.1}{Wprowadzone zmiany}{subsection.1.6}% 15
\BOOKMARK [3][-]{subsubsection.1.6.2}{Opis dzia\233ania skryptu}{subsection.1.6}% 16
\BOOKMARK [2][-]{subsection.1.7}{Wizualizacja danych}{section.1}% 17
\BOOKMARK [3][-]{subsubsection.1.7.1}{Og\363lny diagram klas}{subsection.1.7}% 18
\BOOKMARK [3][-]{subsubsection.1.7.2}{Diagram klas zak\233adek}{subsection.1.7}% 19
\BOOKMARK [3][-]{subsubsection.1.7.3}{Interfejs uzytkownika}{subsection.1.7}% 20
\BOOKMARK [1][-]{section.2}{Integracja komponent\363w}{}% 21
\BOOKMARK [1][-]{section.3}{Testowanie ca\233osci systemu}{}% 22
\BOOKMARK [1][-]{section.4}{Podsumwoanie}{}% 23
